Arguments: 
  /usr/bin/node /usr/bin/yarn run start

PATH: 
  /home/nicolaswalcker/.config/composer/vendor/bin:/home/nicolaswalcker/.composer/vendor/bin:/home/nicolaswalcker/.zinit/polaris/bin:/usr/local/sbin:/usr/local/bin:/usr/sbin:/usr/bin:/sbin:/bin:/usr/games:/usr/local/games:/snap/bin

Yarn version: 
  1.22.15

Node version: 
  16.10.0

Platform: 
  linux x64

Trace: 
  Invariant Violation: Script must exist
      at invariant (/usr/lib/node_modules/yarn/lib/cli.js:2314:15)
      at /usr/lib/node_modules/yarn/lib/cli.js:61539:11
      at Generator.next (<anonymous>)
      at step (/usr/lib/node_modules/yarn/lib/cli.js:310:30)
      at /usr/lib/node_modules/yarn/lib/cli.js:328:14
      at new Promise (<anonymous>)
      at new F (/usr/lib/node_modules/yarn/lib/cli.js:5301:28)
      at /usr/lib/node_modules/yarn/lib/cli.js:307:12
      at realRunCommand (/usr/lib/node_modules/yarn/lib/cli.js:61624:23)
      at action.action (/usr/lib/node_modules/yarn/lib/cli.js:61685:16)

npm manifest: 
  {
    "name": "productsPage",
    "version": "1.0.0",
    "main": "index.js",
    "author": "nicolaswalcker <walcker_@outlook.com>",
    "license": "MIT",
    "scripts": {
      "start": ""
    },
    "dependencies": {
      "axios": "^0.22.0"
    }
  }

yarn manifest: 
  No manifest

Lockfile: 
  # THIS IS AN AUTOGENERATED FILE. DO NOT EDIT THIS FILE DIRECTLY.
  # yarn lockfile v1
  
  
  axios@^0.22.0:
    version "0.22.0"
    resolved "https://registry.yarnpkg.com/axios/-/axios-0.22.0.tgz#bf702c41fb50fbca4539589d839a077117b79b25"
    integrity sha512-Z0U3uhqQeg1oNcihswf4ZD57O3NrR1+ZXhxaROaWpDmsDTx7T2HNBV2ulBtie2hwJptu8UvgnJoK+BIqdzh/1w==
    dependencies:
      follow-redirects "^1.14.4"
  
  follow-redirects@^1.14.4:
    version "1.14.4"
    resolved "https://registry.yarnpkg.com/follow-redirects/-/follow-redirects-1.14.4.tgz#838fdf48a8bbdd79e52ee51fb1c94e3ed98b9379"
    integrity sha512-zwGkiSXC1MUJG/qmeIFH2HBJx9u0V46QGUe3YR1fXG8bXQxq7fLj0RjLZQ5nubr9qNJUZrH+xUcwXEoXNpfS+g==
